[0926/152703.163:INFO:CONSOLE(123)] "Event handler of 'x-storagemutated-1' event must be added on the initial evaluation of worker script.", source: https://static.whatsapp.net/rsrc.php/v3/yT/r/Dbyalgcyro9.js?_nc_x=Ij3Wp8lg5Kz (123)
[0926/152703.513:INFO:CONSOLE(0)] "Error with Permissions-Policy header: Feature xr-spatial-tracking's parameters are ignored.", source:  (0)
[0926/152703.513:INFO:CONSOLE(0)] "Error with Permissions-Policy header: Origin trial controlled feature not enabled: 'attribution-reporting'.", source:  (0)
[0926/152703.513:INFO:CONSOLE(0)] "Error with Permissions-Policy header: Unrecognized feature: 'compute-pressure'.", source:  (0)
[0926/152703.528:INFO:CONSOLE(0)] "Error with Permissions-Policy header: Origin trial controlled feature not enabled: 'interest-cohort'.", source:  (0)
[0926/152703.528:INFO:CONSOLE(0)] "Error with Permissions-Policy header: Unrecognized feature: 'private-state-token-issuance'.", source:  (0)
[0926/152703.528:INFO:CONSOLE(0)] "Error with Permissions-Policy header: Origin trial controlled feature not enabled: 'shared-storage'.", source:  (0)
[0926/152703.528:INFO:CONSOLE(0)] "Error with Permissions-Policy header: Unrecognized feature: 'shared-storage-select-url'.", source:  (0)
[0926/152703.528:INFO:CONSOLE(0)] "Error with Permissions-Policy header: Unrecognized feature: 'private-state-token-redemption'.", source:  (0)
[0926/152703.528:INFO:CONSOLE(0)] "Error with Permissions-Policy header: Unrecognized feature: 'unload'.", source:  (0)
[0926/152703.528:INFO:CONSOLE(0)] "Error with Permissions-Policy header: Unrecognized feature: 'window-management'.", source:  (0)
[0926/152708.073:INFO:CONSOLE(343)] "WAWebLoggerWorker initialized", source: https://static.whatsapp.net/rsrc.php/v3/yZ/r/g4Obraiteyv.js?_nc_x=Ij3Wp8lg5Kz (343)
[0926/152708.073:INFO:CONSOLE(343)] "[storage] start setSchemaVersions from fts worker interface", source: https://static.whatsapp.net/rsrc.php/v3/yZ/r/g4Obraiteyv.js?_nc_x=Ij3Wp8lg5Kz (343)
[0926/152708.073:INFO:CONSOLE(343)] "[storage] set schema versions: [model-storage,159,fts-storage,8,jobs-storage,1,lru-media-storage-idb,2,offd-storage,4,qpl-storage,0,signal-storage,6,worker-storage,1,sw,2,wawc,14,wawc_db_enc,2]. is worker? true", source: https://static.whatsapp.net/rsrc.php/v3/yZ/r/g4Obraiteyv.js?_nc_x=Ij3Wp8lg5Kz (343)
[0926/152708.886:ERROR:ssl_client_socket_impl.cc(982)] handshake failed; returned -1, SSL error code 1, net_error -202
[0926/152714.791:INFO:CONSOLE(71)] "ErrorUtils caught an error:

Converting to a string will drop content data. Hash="undefined" Translation="{author} deseja entrar no grupo. Clique para analisar a solicitação." Content="{"key":null,"ref":null,"props":{"contact":{"id":"559292656178@c.us","type":"in","labels":[],"textStatusLastUpdateTime":-1,"syncToAddressbook":false},"showNotifyName":true,"elevatedPushNamesEnabled":true,"onClick":null},"_owner":null}" (type=object,Object)

Subsequent non-fatal errors won't be logged; see https://fburl.com/debugjs.", source: https://static.whatsapp.net/rsrc.php/v3/y1/r/pePedL2ZgUk.js?_nc_x=Ij3Wp8lg5Kz (71)
[0926/152715.330:INFO:CONSOLE(343)] "FTS:Delegate: start indexer", source: https://static.whatsapp.net/rsrc.php/v3/yZ/r/g4Obraiteyv.js?_nc_x=Ij3Wp8lg5Kz (343)
[0926/152715.331:INFO:CONSOLE(343)] "FTS:Delegate: start perform init", source: https://static.whatsapp.net/rsrc.php/v3/yZ/r/g4Obraiteyv.js?_nc_x=Ij3Wp8lg5Kz (343)
[0926/152715.331:INFO:CONSOLE(343)] "FTS:Delegate: schema versions ready", source: https://static.whatsapp.net/rsrc.php/v3/yZ/r/g4Obraiteyv.js?_nc_x=Ij3Wp8lg5Kz (343)
[0926/152715.331:INFO:CONSOLE(343)] "FTS:Delegate: before db initialization", source: https://static.whatsapp.net/rsrc.php/v3/yZ/r/g4Obraiteyv.js?_nc_x=Ij3Wp8lg5Kz (343)
[0926/152715.333:INFO:CONSOLE(343)] "[storage] applying schema versions from [0 to 8] for the database: 'fts-storage'", source: https://static.whatsapp.net/rsrc.php/v3/yZ/r/g4Obraiteyv.js?_nc_x=Ij3Wp8lg5Kz (343)
[0926/152715.367:INFO:CONSOLE(343)] "[storage] applying schema versions from [0 to 159] for the database: 'model-storage'", source: https://static.whatsapp.net/rsrc.php/v3/yZ/r/g4Obraiteyv.js?_nc_x=Ij3Wp8lg5Kz (343)
[0926/152718.383:INFO:CONSOLE(343)] "FTS:Delegate: after db initialization", source: https://static.whatsapp.net/rsrc.php/v3/yZ/r/g4Obraiteyv.js?_nc_x=Ij3Wp8lg5Kz (343)
[0926/152718.383:INFO:CONSOLE(343)] "FTS:Manifest Writer: No changes made, current:['3.1', '1'], latest:['3.1', '1']", source: https://static.whatsapp.net/rsrc.php/v3/yZ/r/g4Obraiteyv.js?_nc_x=Ij3Wp8lg5Kz (343)
[0926/152718.383:INFO:CONSOLE(343)] "FTS:Delegate: Inited", source: https://static.whatsapp.net/rsrc.php/v3/yZ/r/g4Obraiteyv.js?_nc_x=Ij3Wp8lg5Kz (343)
[0926/152718.383:INFO:CONSOLE(343)] "FTS:Delegate: Init indexing ops", source: https://static.whatsapp.net/rsrc.php/v3/yZ/r/g4Obraiteyv.js?_nc_x=Ij3Wp8lg5Kz (343)
[0926/152718.383:INFO:CONSOLE(343)] "FTS:Indexer:indexQueuedBatch: Starting new batch size : 1000", source: https://static.whatsapp.net/rsrc.php/v3/yZ/r/g4Obraiteyv.js?_nc_x=Ij3Wp8lg5Kz (343)
[0926/152821.468:INFO:CONSOLE(123)] "Event handler of 'x-storagemutated-1' event must be added on the initial evaluation of worker script.", source: https://static.whatsapp.net/rsrc.php/v3/yT/r/Dbyalgcyro9.js?_nc_x=Ij3Wp8lg5Kz (123)
[0926/152822.693:INFO:CONSOLE(343)] "FTS:Indexer:indexQueuedBatch: Completed batch", source: https://static.whatsapp.net/rsrc.php/v3/yZ/r/g4Obraiteyv.js?_nc_x=Ij3Wp8lg5Kz (343)
[0926/152853.692:INFO:CONSOLE(123)] "Event handler of 'x-storagemutated-1' event must be added on the initial evaluation of worker script.", source: https://static.whatsapp.net/rsrc.php/v3/yT/r/Dbyalgcyro9.js?_nc_x=Ij3Wp8lg5Kz (123)
[0926/152919.617:INFO:CONSOLE(343)] "FTS:Indexer:indexQueuedBatch: Completed batch", source: https://static.whatsapp.net/rsrc.php/v3/yZ/r/g4Obraiteyv.js?_nc_x=Ij3Wp8lg5Kz (343)
[0926/153007.921:INFO:CONSOLE(343)] "FTS:Indexer:indexQueuedBatch: Completed batch", source: https://static.whatsapp.net/rsrc.php/v3/yZ/r/g4Obraiteyv.js?_nc_x=Ij3Wp8lg5Kz (343)
[0926/153029.900:INFO:CONSOLE(123)] "Event handler of 'x-storagemutated-1' event must be added on the initial evaluation of worker script.", source: https://static.whatsapp.net/rsrc.php/v3/yT/r/Dbyalgcyro9.js?_nc_x=Ij3Wp8lg5Kz (123)
[0926/153101.775:INFO:CONSOLE(123)] "Event handler of 'x-storagemutated-1' event must be added on the initial evaluation of worker script.", source: https://static.whatsapp.net/rsrc.php/v3/yT/r/Dbyalgcyro9.js?_nc_x=Ij3Wp8lg5Kz (123)
[0926/153106.855:INFO:CONSOLE(343)] "FTS:Indexer:indexQueuedBatch: Completed batch", source: https://static.whatsapp.net/rsrc.php/v3/yZ/r/g4Obraiteyv.js?_nc_x=Ij3Wp8lg5Kz (343)
[0926/153136.176:INFO:CONSOLE(123)] "Event handler of 'x-storagemutated-1' event must be added on the initial evaluation of worker script.", source: https://static.whatsapp.net/rsrc.php/v3/yT/r/Dbyalgcyro9.js?_nc_x=Ij3Wp8lg5Kz (123)
[0926/153206.300:INFO:CONSOLE(343)] "FTS:Indexer:indexQueuedBatch: Completed batch", source: https://static.whatsapp.net/rsrc.php/v3/yZ/r/g4Obraiteyv.js?_nc_x=Ij3Wp8lg5Kz (343)
[0926/153215.610:INFO:CONSOLE(302)] "Failed to parse video contentType: video/mp4; codecs=avc1.42000a", source: https://static.whatsapp.net/rsrc.php/v3iHCc4/ye/l/rt/sz_4i5SNhL-.js?_nc_x=Ij3Wp8lg5Kz (302)
[0926/153215.830:INFO:CONSOLE(302)] "Failed to parse video contentType: video/mp4; codecs=hev1.1.6.L93.B0", source: https://static.whatsapp.net/rsrc.php/v3iHCc4/ye/l/rt/sz_4i5SNhL-.js?_nc_x=Ij3Wp8lg5Kz (302)
[0926/153258.355:INFO:CONSOLE(343)] "FTS:Indexer:indexQueuedBatch: Completed batch", source: https://static.whatsapp.net/rsrc.php/v3/yZ/r/g4Obraiteyv.js?_nc_x=Ij3Wp8lg5Kz (343)
